2018-09-03 16:10:11,446 [WARN] from slick.basic.DatabaseConfig in play-dev-mode-akka.actor.default-dispatcher-16 - Use `profile` instead of `driver`. The latter is deprecated since Slick 3.2 and will be removed.
2018-09-03 16:10:12,286 [ERROR] from application in play-dev-mode-akka.actor.default-dispatcher-16 - 

! @7964fb0i9 - Internal server error, for (GET) [/] ->
 
play.api.db.evolutions.InvalidDatabaseRevision: Database 'default' needs evolution![An SQL script need to be run on your database.]
	at play.api.db.evolutions.ApplicationEvolutions.$anonfun$runEvolutions$1(ApplicationEvolutions.scala:78)
	at play.api.db.evolutions.ApplicationEvolutions.withLock(ApplicationEvolutions.scala:100)
	at play.api.db.evolutions.ApplicationEvolutions.runEvolutions(ApplicationEvolutions.scala:49)
	at play.api.db.evolutions.ApplicationEvolutions.$anonfun$start$1(ApplicationEvolutions.scala:42)
	at play.api.db.evolutions.ApplicationEvolutions.$anonfun$start$1$adapted(ApplicationEvolutions.scala:42)
	at scala.collection.immutable.Stream.foreach(Stream.scala:530)
	at play.api.db.evolutions.ApplicationEvolutions.start(ApplicationEvolutions.scala:42)
	at play.api.db.evolutions.ApplicationEvolutions.<init>(ApplicationEvolutions.scala:151)
	at play.api.db.evolutions.ApplicationEvolutionsProvider.get$lzycompute(EvolutionsModule.scala:50)
	at play.api.db.evolutions.ApplicationEvolutionsProvider.get(EvolutionsModule.scala:49)
	at play.api.db.evolutions.ApplicationEvolutionsProvider.get(EvolutionsModule.scala:40)
	at com.google.inject.internal.ProviderInternalFactory.provision(ProviderInternalFactory.java:81)
	at com.google.inject.internal.BoundProviderFactory.provision(BoundProviderFactory.java:72)
	at com.google.inject.internal.ProviderInternalFactory.circularGet(ProviderInternalFactory.java:61)
	at com.google.inject.internal.BoundProviderFactory.get(BoundProviderFactory.java:62)
	at com.google.inject.internal.ProviderToInternalFactoryAdapter$1.call(ProviderToInternalFactoryAdapter.java:46)
	at com.google.inject.internal.InjectorImpl.callInContext(InjectorImpl.java:1092)
	at com.google.inject.internal.ProviderToInternalFactoryAdapter.get(ProviderToInternalFactoryAdapter.java:40)
	at com.google.inject.internal.SingletonScope$1.get(SingletonScope.java:194)
	at com.google.inject.internal.InternalFactoryToProviderAdapter.get(InternalFactoryToProviderAdapter.java:41)
	at com.google.inject.internal.InternalInjectorCreator$1.call(InternalInjectorCreator.java:205)
	at com.google.inject.internal.InternalInjectorCreator$1.call(InternalInjectorCreator.java:199)
	at com.google.inject.internal.InjectorImpl.callInContext(InjectorImpl.java:1085)
	at com.google.inject.internal.InternalInjectorCreator.loadEagerSingletons(InternalInjectorCreator.java:199)
	at com.google.inject.internal.InternalInjectorCreator.injectDynamically(InternalInjectorCreator.java:180)
	at com.google.inject.internal.InternalInjectorCreator.build(InternalInjectorCreator.java:110)
	at com.google.inject.Guice.createInjector(Guice.java:99)
	at com.google.inject.Guice.createInjector(Guice.java:84)
	at play.api.inject.guice.GuiceBuilder.injector(GuiceInjectorBuilder.scala:185)
	at play.api.inject.guice.GuiceApplicationBuilder.build(GuiceApplicationBuilder.scala:137)
	at play.api.inject.guice.GuiceApplicationLoader.load(GuiceApplicationLoader.scala:21)
	at play.core.server.DevServerStart$$anon$1.$anonfun$reload$3(DevServerStart.scala:174)
	at play.utils.Threads$.withContextClassLoader(Threads.scala:21)
	at play.core.server.DevServerStart$$anon$1.reload(DevServerStart.scala:171)
	at play.core.server.DevServerStart$$anon$1.get(DevServerStart.scala:124)
	at play.core.server.AkkaHttpServer.handleRequest(AkkaHttpServer.scala:202)
	at play.core.server.AkkaHttpServer.$anonfun$createServerBinding$1(AkkaHttpServer.scala:117)
	at akka.stream.impl.fusing.MapAsync$$anon$25.onPush(Ops.scala:1194)
	at akka.stream.impl.fusing.GraphInterpreter.processPush(GraphInterpreter.scala:519)
	at akka.stream.impl.fusing.GraphInterpreter.processEvent(GraphInterpreter.scala:482)
	at akka.stream.impl.fusing.GraphInterpreter.execute(GraphInterpreter.scala:378)
	at akka.stream.impl.fusing.GraphInterpreterShell.runBatch(ActorGraphInterpreter.scala:585)
	at akka.stream.impl.fusing.GraphInterpreterShell$AsyncInput.execute(ActorGraphInterpreter.scala:469)
	at akka.stream.impl.fusing.GraphInterpreterShell.processEvent(ActorGraphInterpreter.scala:560)
	at akka.stream.impl.fusing.ActorGraphInterpreter.akka$stream$impl$fusing$ActorGraphInterpreter$$processEvent(ActorGraphInterpreter.scala:742)
	at akka.stream.impl.fusing.ActorGraphInterpreter$$anonfun$receive$1.applyOrElse(ActorGraphInterpreter.scala:757)
	at akka.actor.Actor.aroundReceive(Actor.scala:517)
	at akka.actor.Actor.aroundReceive$(Actor.scala:515)
	at akka.stream.impl.fusing.ActorGraphInterpreter.aroundReceive(ActorGraphInterpreter.scala:667)
	at akka.actor.ActorCell.receiveMessage(ActorCell.scala:590)
	at akka.actor.ActorCell.invoke(ActorCell.scala:559)
	at akka.dispatch.Mailbox.processMailbox(Mailbox.scala:257)
	at akka.dispatch.Mailbox.run(Mailbox.scala:224)
	at akka.dispatch.Mailbox.exec(Mailbox.scala:234)
	at akka.dispatch.forkjoin.ForkJoinTask.doExec(ForkJoinTask.java:260)
	at akka.dispatch.forkjoin.ForkJoinPool$WorkQueue.runTask(ForkJoinPool.java:1339)
	at akka.dispatch.forkjoin.ForkJoinPool.runWorker(ForkJoinPool.java:1979)
	at akka.dispatch.forkjoin.ForkJoinWorkerThread.run(ForkJoinWorkerThread.java:107)
2018-09-03 16:10:16,407 [ERROR] from play.api.db.evolutions.DefaultEvolutionsApi in play-dev-mode-akka.actor.default-dispatcher-12 - The prepared statement has been finalized [ERROR:0, SQLSTATE:null]
2018-09-03 16:10:16,411 [ERROR] from application in play-dev-mode-akka.actor.default-dispatcher-12 - 

! @7964fb6n4 - Internal server error, for (GET) [/@evolutions/apply/default?redirect=http%3A%2F%2Flocalhost%3A9000%2F] ->
 
play.api.db.evolutions.InconsistentDatabase: Database 'default' is in an inconsistent state![An evolution has not been applied properly. Please check the problem and resolve it manually before marking it as resolved.]
	at play.api.db.evolutions.DatabaseEvolutions.$anonfun$checkEvolutionsState$3(EvolutionsApi.scala:285)
	at play.api.db.evolutions.DatabaseEvolutions.$anonfun$checkEvolutionsState$3$adapted(EvolutionsApi.scala:270)
	at play.api.db.evolutions.DatabaseEvolutions.executeQuery(EvolutionsApi.scala:317)
	at play.api.db.evolutions.DatabaseEvolutions.checkEvolutionsState(EvolutionsApi.scala:270)
	at play.api.db.evolutions.DatabaseEvolutions.evolve(EvolutionsApi.scala:239)
	at play.api.db.evolutions.DefaultEvolutionsApi.evolve(EvolutionsApi.scala:94)
	at play.api.db.evolutions.EvolutionsWebCommands.handleWebCommand(ApplicationEvolutions.scala:366)
	at play.core.DefaultWebCommands.$anonfun$handleWebCommand$1(WebCommands.scala:40)
	at scala.collection.immutable.Stream.flatMap(Stream.scala:486)
	at play.core.DefaultWebCommands.handleWebCommand(WebCommands.scala:40)
	at play.core.server.DevServerStart$$anon$1.$anonfun$handleWebCommand$1(DevServerStart.scala:134)
	at scala.Option.flatMap(Option.scala:171)
	at play.core.server.DevServerStart$$anon$1.handleWebCommand(DevServerStart.scala:134)
	at play.core.server.AkkaHttpServer$$anon$4.handleWebCommand(AkkaHttpServer.scala:243)
	at play.core.server.Server$.getHandlerFor(Server.scala:115)
	at play.core.server.AkkaHttpServer.getHandler(AkkaHttpServer.scala:246)
	at play.core.server.AkkaHttpServer.handleRequest(AkkaHttpServer.scala:217)
	at play.core.server.AkkaHttpServer.$anonfun$createServerBinding$1(AkkaHttpServer.scala:117)
	at akka.stream.impl.fusing.MapAsync$$anon$25.onPush(Ops.scala:1194)
	at akka.stream.impl.fusing.GraphInterpreter.processPush(GraphInterpreter.scala:519)
	at akka.stream.impl.fusing.GraphInterpreter.processEvent(GraphInterpreter.scala:482)
	at akka.stream.impl.fusing.GraphInterpreter.execute(GraphInterpreter.scala:378)
	at akka.stream.impl.fusing.GraphInterpreterShell.runBatch(ActorGraphInterpreter.scala:585)
	at akka.stream.impl.fusing.GraphInterpreterShell$AsyncInput.execute(ActorGraphInterpreter.scala:469)
	at akka.stream.impl.fusing.GraphInterpreterShell.processEvent(ActorGraphInterpreter.scala:560)
	at akka.stream.impl.fusing.ActorGraphInterpreter.akka$stream$impl$fusing$ActorGraphInterpreter$$processEvent(ActorGraphInterpreter.scala:742)
	at akka.stream.impl.fusing.ActorGraphInterpreter$$anonfun$receive$1.applyOrElse(ActorGraphInterpreter.scala:757)
	at akka.actor.Actor.aroundReceive(Actor.scala:517)
	at akka.actor.Actor.aroundReceive$(Actor.scala:515)
	at akka.stream.impl.fusing.ActorGraphInterpreter.aroundReceive(ActorGraphInterpreter.scala:667)
	at akka.actor.ActorCell.receiveMessage(ActorCell.scala:590)
	at akka.actor.ActorCell.invoke(ActorCell.scala:559)
	at akka.dispatch.Mailbox.processMailbox(Mailbox.scala:257)
	at akka.dispatch.Mailbox.run(Mailbox.scala:224)
	at akka.dispatch.Mailbox.exec(Mailbox.scala:234)
	at akka.dispatch.forkjoin.ForkJoinTask.doExec(ForkJoinTask.java:260)
	at akka.dispatch.forkjoin.ForkJoinPool$WorkQueue.runTask(ForkJoinPool.java:1339)
	at akka.dispatch.forkjoin.ForkJoinPool.runWorker(ForkJoinPool.java:1979)
	at akka.dispatch.forkjoin.ForkJoinWorkerThread.run(ForkJoinWorkerThread.java:107)
2018-09-03 16:11:15,346 [WARN] from slick.basic.DatabaseConfig in play-dev-mode-akka.actor.default-dispatcher-12 - Use `profile` instead of `driver`. The latter is deprecated since Slick 3.2 and will be removed.
2018-09-03 16:11:17,684 [WARN] from slick.basic.DatabaseConfig in play-dev-mode-akka.actor.default-dispatcher-15 - Use `profile` instead of `driver`. The latter is deprecated since Slick 3.2 and will be removed.
2018-09-03 16:11:18,893 [INFO] from play.api.http.EnabledFilters in play-dev-mode-akka.actor.default-dispatcher-15 - Enabled Filters (see <https://www.playframework.com/documentation/latest/Filters>):

    play.filters.csrf.CSRFFilter
    play.filters.headers.SecurityHeadersFilter
    play.filters.hosts.AllowedHostsFilter

2018-09-03 16:11:18,903 [INFO] from play.api.Play in play-dev-mode-akka.actor.default-dispatcher-15 - Application started (Dev)
2018-09-03 16:15:33,650 [WARN] from slick.basic.DatabaseConfig in play-dev-mode-akka.actor.default-dispatcher-30 - Use `profile` instead of `driver`. The latter is deprecated since Slick 3.2 and will be removed.
2018-09-03 16:15:34,071 [INFO] from play.api.http.EnabledFilters in play-dev-mode-akka.actor.default-dispatcher-30 - Enabled Filters (see <https://www.playframework.com/documentation/latest/Filters>):

    play.filters.csrf.CSRFFilter
    play.filters.headers.SecurityHeadersFilter
    play.filters.hosts.AllowedHostsFilter

2018-09-03 16:15:34,072 [INFO] from play.api.Play in play-dev-mode-akka.actor.default-dispatcher-30 - Application started (Dev)
2018-09-03 16:24:52,090 [WARN] from slick.basic.DatabaseConfig in play-dev-mode-akka.actor.default-dispatcher-36 - Use `profile` instead of `driver`. The latter is deprecated since Slick 3.2 and will be removed.
2018-09-03 16:24:53,563 [INFO] from play.api.http.EnabledFilters in play-dev-mode-akka.actor.default-dispatcher-36 - Enabled Filters (see <https://www.playframework.com/documentation/latest/Filters>):

    play.filters.csrf.CSRFFilter
    play.filters.headers.SecurityHeadersFilter
    play.filters.hosts.AllowedHostsFilter

2018-09-03 16:24:53,565 [INFO] from play.api.Play in play-dev-mode-akka.actor.default-dispatcher-36 - Application started (Dev)
2018-09-03 16:26:57,013 [WARN] from slick.basic.DatabaseConfig in play-dev-mode-akka.actor.default-dispatcher-39 - Use `profile` instead of `driver`. The latter is deprecated since Slick 3.2 and will be removed.
2018-09-03 16:26:57,808 [INFO] from play.api.http.EnabledFilters in play-dev-mode-akka.actor.default-dispatcher-39 - Enabled Filters (see <https://www.playframework.com/documentation/latest/Filters>):

    play.filters.csrf.CSRFFilter
    play.filters.headers.SecurityHeadersFilter
    play.filters.hosts.AllowedHostsFilter

2018-09-03 16:26:57,808 [INFO] from play.api.Play in play-dev-mode-akka.actor.default-dispatcher-39 - Application started (Dev)
2018-09-03 16:29:47,072 [WARN] from slick.basic.DatabaseConfig in play-dev-mode-akka.actor.default-dispatcher-60 - Use `profile` instead of `driver`. The latter is deprecated since Slick 3.2 and will be removed.
2018-09-03 16:29:47,449 [INFO] from play.api.http.EnabledFilters in play-dev-mode-akka.actor.default-dispatcher-60 - Enabled Filters (see <https://www.playframework.com/documentation/latest/Filters>):

    play.filters.csrf.CSRFFilter
    play.filters.headers.SecurityHeadersFilter
    play.filters.hosts.AllowedHostsFilter

2018-09-03 16:29:47,450 [INFO] from play.api.Play in play-dev-mode-akka.actor.default-dispatcher-60 - Application started (Dev)
2018-09-03 16:31:44,432 [WARN] from slick.basic.DatabaseConfig in play-dev-mode-akka.actor.default-dispatcher-72 - Use `profile` instead of `driver`. The latter is deprecated since Slick 3.2 and will be removed.
2018-09-03 16:31:45,274 [INFO] from play.api.http.EnabledFilters in play-dev-mode-akka.actor.default-dispatcher-72 - Enabled Filters (see <https://www.playframework.com/documentation/latest/Filters>):

    play.filters.csrf.CSRFFilter
    play.filters.headers.SecurityHeadersFilter
    play.filters.hosts.AllowedHostsFilter

2018-09-03 16:31:45,275 [INFO] from play.api.Play in play-dev-mode-akka.actor.default-dispatcher-72 - Application started (Dev)
2018-09-03 16:34:12,224 [WARN] from slick.basic.DatabaseConfig in play-dev-mode-akka.actor.default-dispatcher-82 - Use `profile` instead of `driver`. The latter is deprecated since Slick 3.2 and will be removed.
2018-09-03 16:34:12,807 [INFO] from play.api.http.EnabledFilters in play-dev-mode-akka.actor.default-dispatcher-82 - Enabled Filters (see <https://www.playframework.com/documentation/latest/Filters>):

    play.filters.csrf.CSRFFilter
    play.filters.headers.SecurityHeadersFilter
    play.filters.hosts.AllowedHostsFilter

2018-09-03 16:34:12,808 [INFO] from play.api.Play in play-dev-mode-akka.actor.default-dispatcher-82 - Application started (Dev)
